42] ACPI: FACP 0x00000000FC00A150 0000F4 (v04 Xen    HVM      00000000 HVML 00000000)
[    0.012549] ACPI: DSDT 0x00000000FC001000 008A79 (v02 Xen    HVM      00000000 INTL 20090123)
[    0.012553] ACPI: FACS 0x00000000FC00A050 000040
[    0.012555] ACPI: FACS 0x00000000FC00A050 000040
[    0.012560] ACPI: SSDT 0x00000000FC009A80 000033 (v02 Xen    HVM      00000000 INTL 20090123)
[    0.012563] ACPI: SSDT 0x00000000FC009AC0 000031 (v02 Xen    HVM      00000000 INTL 20090123)
[    0.012566] ACPI: APIC 0x00000000FC009B00 0000D8 (v02 Xen    HVM      00000000 HVML 00000000)
[    0.012570] ACPI: HPET 0x00000000FC009FE0 000038 (v01 Xen    HVM      00000000 HVML 00000000)
[    0.012573] ACPI: WAET 0x00000000FC00A020 000028 (v01 Xen    HVM      00000000 HVML 00000000)
[    0.012575] ACPI: Reserving FACP table memory at [mem 0xfc00a150-0xfc00a243]
[    0.012577] ACPI: Reserving DSDT table memory at [mem 0xfc001000-0xfc009a78]
[    0.012577] ACPI: Reserving FACS table memory at [mem 0xfc00a050-0xfc00a08f]
[    0.012578] ACPI: Reserving FACS table memory at [mem 0xfc00a050-0xfc00a08f]
[    0.012579] ACPI: Reserving SSDT table memory at [mem 0xfc009a80-0xfc009ab2]
[    0.012579] ACPI: Reserving SSDT table memory at [mem 0xfc009ac0-0xfc009af0]
[    0.012580] ACPI: Reserving APIC table memory at [mem 0xfc009b00-0xfc009bd7]
[    0.012581] ACPI: Reserving HPET table memory at [mem 0xfc009fe0-0xfc00a017]
[    0.012581] ACPI: Reserving WAET table memory at [mem 0xfc00a020-0xfc00a047]
[    0.012882] No NUMA configuration found
[    0.012883] Faking a node at [mem 0x0000000000000000-0x000000003fffffff]
[    0.012888] NODE_DATA(0) allocated [mem 0x3ffd5000-0x3fffffff]
[    0.013042] Zone ranges:
[    0.013042]   DMA      [mem 0x0000000000001000-0x0000000000ffffff]
[    0.013044]   DMA32    [mem 0x0000000001000000-0x000000003fffffff]
[    0.013045]   Normal   empty
[    0.013046]   Device   empty
[    0.013047] Movable zone start for each node
[    0.013050] Early memory node ranges
[    0.013051]   node   0: [mem 0x0000000000001000-0x000000000009dfff]
[    0.013052]   node   0: [mem 0x0000000000100000-0x000000003fffffff]
[    0.013053] Initmem setup node 0 [mem 0x0000000000001000-0x000000003fffffff]
[    0.013061] On node 0, zone DMA: 1 pages in unavailable ranges
[    0.013083] On node 0, zone DMA: 98 pages in unavailable ranges
[    0.015376] ACPI: PM-Timer IO Port: 0xb008
[    0.015439] IOAPIC[0]: apic_id 1, version 17, address 0xfec00000, GSI 0-47
[    0.015442] ACPI: INT_SRC_OVR (bus 0 bus_irq 0 global_irq 2 dfl dfl)
[    0.015444] ACPI: INT_SRC_OVR (bus 0 bus_irq 5 global_irq 5 low level)
[    0.015445] ACPI: INT_SRC_OVR (bus 0 bus_irq 10 global_irq 10 low level)
[    0.015446] ACPI: INT_SRC_OVR (bus 0 bus_irq 11 global_irq 11 low level)
[    0.015450] ACPI: Using ACPI (MADT) for SMP configuration information
[    0.015451] ACPI: HPET id: 0x8086a201 base: 0xfed00000
[    0.015455] TSC deadline timer available
[    0.015456] smpboot: Allowing 15 CPUs, 14 hotplug CPUs
[    0.015462] PM: hibernation: Registered nosave memory: [mem 0x00000000-0x00000fff]
[    0.015463] PM: hibernation: Registered nosave memory: [mem 0x0009e000-0x0009ffff]
[    0.015464] PM: hibernation: Registered nosave memory: [mem 0x000a0000-0x000dffff]
[    0.015465] PM: hibernation: Registered nosave memory: [mem 0x000e0000-0x000fffff]
[    0.015466] [mem 0x40000000-0xfbffffff] available for PCI devices
[    0.015467] Booting paravirtualized kernel on Xen HVM
[    0.015469] clocksource: refined-jiffies: mask: 0xffffffff max_cycles: 0xffffffff, max_idle_ns: 1910969940391419 ns
[    0.015475] setup_percpu: NR_CPUS:8192 nr_cpumask_bits:15 nr_cpu_ids:15 nr_node_ids:1
[    0.016712] percpu: Embedded 85 pages/cpu s225280 r8192 d114688 u524288
[    0.017167] PV qspinlock hash table entries: 256 (order: 0, 4096 bytes, linear)
[    0.017169] Kernel command line: BOOT_IMAGE=/vmlinuz-6.8.0-1021-aws root=PARTUUID=2bb9818b-3393-4017-8da7-c739e7b96eac ro console=tty1 console=ttyS0 nvme_core.io_timeout=4294967295 panic=-1
[    0.017225] Unknown kernel command line parameters "BOOT_IMAGE=/vmlinuz-6.8.0-1021-aws", will be passed to user space.
[    0.017232] random: crng init done
[    0.017323] Dentry cache hash table entries: 131072 (order: 8, 1048576 bytes, linear)
[    0.017372] Inode-cache hash table entries: 65536 (order: 7, 524288 bytes, linear)
[    0.018101] Fallback order for Node 0: 0 
[    0.018105] Built 1 zonelists, mobility grouping on.  Total pages: 257792
[    0.018107] Policy zone: DMA32
[    0.018112] mem auto-init: stack:all(zero), heap alloc:on, heap free:off
[    0.019973] Memory: 964784K/1048180K available (22528K kernel code, 4446K rwdata, 13976K rodata, 5088K init, 4616K bss, 83136K reserved, 0K cma-reserved)
[    0.020822] SLUB: HWalign=64, Order=0-3, MinObjects=0, CPUs=15, Nodes=1
[    0.020834] Kernel/User page tables isolation: enabled
[    0.020865] ftrace: allocating 58229 entries in 228 pages
[    0.020920] ftrace section at ffffffff97abc820 sorted properly
[    0.032339] ftrace: allocated 228 pages with 4 groups
[    0.033679] rcu: Hierarchical RCU implementation.
[    0.033681] rcu: 	RCU restricting CPUs from NR_CPUS=8192 to nr_cpu_ids=15.
[    0.033683] 	Rude variant of Tasks RCU enabled.
[    0.033683] 	Tracing variant of Tasks RCU enabled.
[    0.033684] rcu: RCU calculated value of scheduler-enlistment delay is 100 jiffies.
[    0.033685] rcu: Adjusting geometry for rcu_fanout_leaf=16, nr_cpu_ids=15
[    0.036189] NR_IRQS: 524544, nr_irqs: 952, preallocated irqs: 16
[    0.036239] xen:events: Using 2-level ABI
[    0.037230] xen:events: Xen HVM callback vector for event delivery is enabled
[    0.037427] rcu: srcu_init: Setting srcu_struct sizes based on contention.
[    0.044800] Console: colour VGA+ 80x25
[    0.044803] printk: legacy console [tty1] enabled
[    0.155481] Cannot get hvm parameter CONSOLE_EVTCHN (18): -22!
[    0.156531] printk: legacy console [ttyS0] enabled
[    0.270110] ACPI: Core revision 20230628
[    0.271552] clocksource: hpet: mask: 0xffffffff max_cycles: 0xffffffff, max_idle_ns: 30580167144 ns
[    0.274320] APIC: Switch to symmetric I/O mode setup
[    0.276674] x2apic enabled
[    0.278546] APIC: Switched APIC routing to: physical x2apic
[    0.282779] ..TIMER: vector=0x30 apic1=0 pin1=2 apic2=0 pin2=0
[    0.289287] clocksource: tsc-early: mask: 0xffffffffffffffff max_cycles: 0x212733415c7, max_idle_ns: 440795236380 ns
[    0.292181] Calibrating delay loop (skipped), value calculated using timer frequency.. 4599.99 BogoMIPS (lpj=2299998)
[    0.295375] Last level iTLB entries: 4KB 64, 2MB 8, 4MB 8
[    0.296889] Last level dTLB entries: 4KB 64, 2MB 0, 4MB 0, 1GB 4
[    0.298181] Spectre V1 : Mitigation: usercopy/swapgs barriers and __user pointer sanitization
[    0.300180] Spectre V2 : Mitigation: Retpolines
[    0.302179] Spectre V2 : Spectre v2 / SpectreRSB mitigation: Filling RSB on context switch
[    0.304179] Spectre V2 : Spectre v2 / SpectreRSB : Filling RSB on VMEXIT
[    0.306179] Speculative Store Bypass: Vulnerable
[    0.307884] MDS: Vulnerable: Clear CPU buffers attempted, no microcode
[    0.309179] MMIO Stale Data: Vulnerable: Clear CPU buffers attempted, no microcode
[    0.311191] x86/fpu: Supporting XSAVE feature 0x001: 'x87 floating point registers'
[    0.313179] x86/fpu: Supporting XSAVE feature 0x002: 'SSE registers'
[    0.315179] x86/fpu: Supporting XSAVE feature 0x004: 'AVX registers'
[    0.316942] x86/fpu: xstate_offset[2]:  576, xstate_sizes[2]:  256
[    0.318179] x86/fpu: Enabled xstate features 0x7, context size is 832 bytes, using 'standard' format.
[    0.348515] pid_max: default: 32768 minimum: 301
[    0.349920] LSM: initializing lsm=lockdown,capability,landlock,yama,apparmor,integrity
[    0.351191] landlock: Up and running.
[    0.352179] Yama: becoming mindful.
[    0.353221] AppArmor: AppArmor initialized
[    0.354875] Mount-cache hash table entries: 2048 (order: 2, 16384 bytes, linear)
[    0.356185] Mountpoint-cache hash table entries: 2048 (order: 2, 16384 bytes, linear)
[    0.358463] clocksource: xen: mask: 0xffffffffffffffff max_cycles: 0x1cd42e4dffb, max_idle_ns: 881590591483 ns
[    0.361178] installing Xen timer for CPU 0
[    0.362298] smpboot: CPU0: Intel(R) Xeon(R) CPU E5-2686 v4 @ 2.30GHz (family: 0x6, model: 0x4f, stepping: 0x1)
[    0.364227] cpu 0 spinlock event irq 53
[    0.365331] RCU Tasks Rude: Setting shift to 4 and lim to 1 rcu_task_cb_adjust=1.
[    0.367197] RCU Tasks Trace: Setting shift to 4 and lim to 1 rcu_task_cb_adjust=1.
[    0.369195] Performance Events: unsupported p6 CPU model 79 no PMU driver, software events only.
[    0.371213] signal: max sigframe size: 1776
[    0.372207] rcu: Hierarchical SRCU implementation.
[    0.373182] rcu: 	Max phase no-delay instances is 400.
[    0.374440] NMI watchdog: Perf NMI watchdog permanently disabled
[    0.376084] smp: Bringing up secondary CPUs ...
[    0.376880] smp: Brought up 1 node, 1 CPU
[    0.377846] smpboot: Max logical packages: 15
[    0.378861] smpboot: Total of 1 processors activated (4599.99 BogoMIPS)
[    0.380202] devtmpfs: initialized
[    0.381222] x86/mm: Memory block size: 128MB
[    0.382459] clocksource: jiffies: mask: 0xffffffff max_cycles: 0xffffffff, max_idle_ns: 1911260446275000 ns
[    0.384219] futex hash table entries: 4096 (order: 6, 262144 bytes, linear)
[    0.386051] pinctrl core: initialized pinctrl subsystem
[    0.387035] PM: RTC time: 07:24:21, date: 2025-01-27
[    0.388516] NET: Registered PF_NETLINK/PF_ROUTE protocol family
[    0.390052] DMA: preallocated 128 KiB GFP_KERNEL pool for atomic allocations
[    0.391060] DMA: preallocated 128 KiB GFP_KERNEL|GFP_DMA pool for atomic allocations
[    0.392197] DMA: preallocated 128 KiB GFP_KERNEL|GFP_DMA32 pool for atomic allocations
[    0.394192] audit: initializing netlink subsys (disabled)
[    0.395219] audit: type=2000 audit(1737962662.011:1): state=initialized audit_enabled=0 res=1
[    0.397305] thermal_sys: Registered thermal governor 'fair_share'
[    0.397307] thermal_sys: Registered thermal governor 'bang_bang'
[    0.398937] thermal_sys: Registered thermal governor 'step_wise'
[    0.399935] thermal_sys: Registered thermal governor 'user_space'
[    0.400933] thermal_sys: Registered thermal governor 'power_allocator'
[    0.401937] EISA bus registered
[    0.403808] cpuidle: using governor ladder
[    0.404848] cpuidle: using governor menu
[    0.405876] acpiphp: ACPI Hot Plug PCI Controller Driver version: 0.5
[    0.407095] PCI: Using configuration type 1 for base access
[    0.408024] kprobes: kprobe jump-optimization is enabled. All kprobes are optimized if possible.
[    0.440204] HugeTLB: registered 2.00 MiB page size, pre-allocated 0 pages
[    0.441976] HugeTLB: 28 KiB vmemmap can be freed for a 2.00 MiB page
[    0.445327] ACPI: Added _OSI(Module Device)
[    0.446186] ACPI: Added _OSI(Processor Device)
[    0.447184] ACPI: Added _OSI(3.0 _SCP Extensions)
[    0.448183] ACPI: Added _OSI(Processor Aggregator Device)
[    0.452957] ACPI: 3 ACPI AML tables successfully acquired and loaded
[    0.454662] ACPI: _OSC evaluation for CPUs failed, trying _PDC
[    0.456413] ACPI: Interpreter enabled
[    0.457190] ACPI: PM: (supports S0 S4 S5)
[    0.458182] ACPI: Using IOAPIC for interrupt routing
[    0.459545] PCI: Using host bridge windows from ACPI; if necessary, use "pci=nocrs" and report a bug
[    0.461182] PCI: Using E820 reservations for host bridge windows
[    0.462372] ACPI: Enabled 2 GPEs in block 00 to 0F
[    0.474582] ACPI: PCI Root Bridge [PCI0] (domain 0000 [bus 00-ff])
[    0.476009] acpi PNP0A03:00: _OSC: OS supports [ASPM ClockPM Segments MSI EDR HPX-Type3]
[    0.477182] acpi PNP0A03:00: _OSC: not requesting OS control; OS requires [ExtendedConfig ASPM ClockPM MSI]
[    0.479191] acpi PNP0A03:00: fail to add MMCONFIG information, can't access extended configuration space under this bridge
[    0.484405] acpiphp: Slot [0] registered
[    0.485383] acpiphp: Slot [3] registered
[    0.486250] acpiphp: Slot [4] registered
[    0.487250] acpiphp: Slot [5] registered
[    0.488249] acpiphp: Slot [6] registered
[    0.489251] acpiphp: Slot [7] registered
[    0.490254] acpiphp: Slot [8] registered
[    0.491251] acpiphp: Slot [9] registered
[    0.492250] acpiphp: Slot [10] registered
[    0.493249] acpiphp: Slot [11] registered
[    0.494250] acpiphp: Slot [12] registered
[    0.495250] acpiphp: Slot [13] registered
[    0.496250] acpiphp: Slot [14] registered
[    0.497250] acpiphp: Slot [15] registered
[    0.498256] acpiphp: Slot [16] registered
[    0.499250] acpiphp: Slot [17] registered
[    0.500250] acpiphp: Slot [18] registered
[    0.501249] acpiphp: Slot [19] registered
[    0.502249] acpiphp: Slot [20] registered
[    0.503251] acpiphp: Slot [21] registered
[    0.504250] acpiphp: Slot [22] registered
[    0.505252] acpiphp: Slot [23] registered
[    0.506255] acpiphp: Slot [24] registered
[    0.507249] acpiphp: Slot [25] registered
[    0.508249] acpiphp: Slot [26] registered
[    0.509250] acpiphp: Slot [27] registered
[    0.510251] acpiphp: Slot [28] registered
[    0.511249] acpiphp: Slot [29] registered
[    0.512251] acpiphp: Slot [30] registered
[    0.513250] acpiphp: Slot [31] registered
[    0.514251] PCI host bridge to bus 0000:00
[    0.515183] pci_bus 0000:00: root bus resource [io  0x0000-0x0cf7 window]
[    0.516969] pci_bus 0000:00: root bus resource [io  0x0d00-0xffff window]
[    0.517968] pci_bus 0000:00: root bus resource [mem 0x000a0000-0x000bffff window]
[    0.519182] pci_bus 0000:00: root bus resource [mem 0x40000000-0xffffffff window]
[    0.521182] pci_bus 0000:00: root bus resource [bus 00-ff]
[    0.522273] pci 0000:00:00.0: [8086:1237] type 00 class 0x060000 conventional PCI endpoint
[    0.524604] pci 0000:00:01.0: [8086:7000] type 00 class 0x060100 conventional PCI endpoint
[    0.526700] pci 0000:00:01.1: [8086:7010] type 00 class 0x010180 conventional PCI endpoint
[    0.528441] pci 0000:00:01.1: BAR 4 [io  0xc000-0xc00f]
[    0.530010] pci 0000:00:01.1: BAR 0 [io  0x01f0-0x01f7]: legacy IDE quirk
[    0.530977] pci 0000:00:01.1: BAR 1 [io  0x03f6]: legacy IDE quirk
[    0.531940] pci 0000:00:01.1: BAR 2 [io  0x0170-0x0177]: legacy IDE quirk
[    0.533011] pci 0000:00:01.1: BAR 3 [io  0x0376]: legacy IDE quirk
[    0.534095] * Found PM-Timer Bug on the chipset. Due to workarounds for a bug,
[    0.534095] * this clock source is slow. Consider trying other clock sources
[    0.535182] pci 0000:00:01.3: [8086:7113] type 00 class 0x068000 conventional PCI endpoint
[    0.537469] pci 0000:00:01.3: quirk: [io  0xb000-0xb03f] claimed by PIIX4 ACPI
[    0.539408] pci 0000:00:02.0: [1013:00b8] type 00 class 0x030000 conventional PCI endpoint
[    0.542191] pci 0000:00:02.0: BAR 0 [mem 0xf8000000-0xf9ffffff pref]
[    0.544191] pci 0000:00:02.0: BAR 1 [mem 0xfbfff000-0xfbffffff]
[    0.549234] pci 0000:00:02.0: Video device with shadowed ROM at [mem 0x000c0000-0x000dffff]
[    0.551364] pci 0000:00:03.0: [5853:0001] type 00 class 0xff8000 conventional PCI endpoint
[    0.553375] pci 0000:00:03.0: BAR 0 [io  0xc100-0xc1ff]
[    0.554334] pci 0000:00:03.0: BAR 1 [mem 0xfa000000-0xfaffffff pref]
[    0.566748] ACPI: PCI: Interrupt link LNKA configured for IRQ 5
[    0.567997] ACPI: PCI: Interrupt link LNKB configured for IRQ 10
[    0.568995] ACPI: PCI: Interrupt link LNKC configured for IRQ 11
[    0.569998] ACPI: PCI: Interrupt link LNKD configured for IRQ 5
[    0.573879] xen:balloon: Initialising balloon driver
[    0.574971] iommu: Default domain type: Translated
[    0.575878] iommu: DMA domain TLB invalidation policy: lazy mode
[    0.577068] SCSI subsystem initialized
[    0.577873] ACPI: bus type USB registered
[    0.578851] usbcore: registered new interface driver usbfs
[    0.579913] usbcore: registered new interface driver hub
[    0.580903] usbcore: registered new device driver usb
[    0.581906] pps_core: LinuxPPS API ver. 1 registered
[    0.582886] pps_core: Software ver. 5.3.6 - Copyright 2005-2007 Rodolfo Giometti <giometti@linux.it>
[    0.584184] PTP clock support registered
[    0.585235] EDAC MC: Ver: 3.0.0
[    0.586512] NetLabel: Initializing
[    0.587183] NetLabel:  domain hash size = 128
[    0.588182] NetLabel:  protocols = UNLABELED CIPSOv4 CALIPSO
[    0.589194] NetLabel:  unlabeled traffic allowed by default
[    0.590221] mctp: management component transport protocol core
[    0.591183] NET: Registered PF_MCTP protocol family
[    0.592185] PCI: Using ACPI for IRQ routing
[    0.593291] pci 0000:00:02.0: vgaarb: setting as boot VGA device
[    0.594178] pci 0000:00:02.0: vgaarb: bridge control possible
[    0.594178] pci 0000:00:02.0: vgaarb: VGA device added: decodes=io+mem,owns=io+mem,locks=none
[    0.594182] vgaarb: loaded
[    0.595241] hpet: 3 channels of 0 reserved for per-cpu timers
[    0.596190] hpet0: at MMIO 0xfed00000, IRQs 2, 8, 0
[    0.597182] hpet0: 3 comparators, 64-bit 62.500000 MHz counter
[    0.600201] clocksource: Switched to clocksource xen
[    0.602324] VFS: Disk quotas dquot_6.6.0
[    0.603626] VFS: Dquot-cache hash table entries: 512 (order 0, 4096 bytes)
[    0.605603] AppArmor: AppArmor Filesystem Enabled
[    0.607053] pnp: PnP ACPI init
[    0.608201] system 00:00: [mem 0x00000000-0x0009ffff] could not be reserved
[    0.614246] system 00:01: [io  0x08a0-0x08a3] has been reserved
[    0.615933] system 00:01: [io  0x0cc0-0x0ccf] has been reserved
[    0.617600] system 00:01: [io  0x04d0-0x04d1] has been reserved
[    0.619486] system 00:07: [io  0x10c0-0x1141] has been reserved
[    0.621178] system 00:07: [io  0xb044-0xb047] has been reserved
[    0.625515] pnp: PnP ACPI: found 8 devices
[    0.632311] clocksource: acpi_pm: mask: 0xffffff max_cycles: 0xffffff, max_idle_ns: 2085701024 ns
[    0.635019] NET: Registered PF_INET protocol family
[    0.636517] IP idents hash table entries: 16384 (order: 5, 131072 bytes, linear)
[    0.651616] tcp_listen_portaddr_hash hash table entries: 512 (order: 1, 8192 bytes, linear)
[    0.654186] Table-perturb hash table entries: 65536 (order: 6, 262144 bytes, linear)
[    0.656635] TCP established hash table entries: 8192 (order: 4, 65536 bytes, linear)
[    0.659050] TCP bind hash table entries: 8192 (order: 6, 262144 bytes, linear)
[    0.661422] TCP: Hash tables configured (established 8192 bind 8192)
[    0.663254] MPTCP token hash table entries: 1024 (order: 2, 24576 bytes, linear)
[    0.665610] UDP hash table entries: 512 (order: 2, 16384 bytes, linear)
[    0.667448] UDP-Lite hash table entries: 512 (order: 2, 16384 bytes, linear)
[    0.669404] NET: Registered PF_UNIX/PF_LOCAL protocol family
[    0.671051] NET: Registered PF_XDP protocol family
[    0.672513] pci_bus 0000:00: resource 4 [io  0x0000-0x0cf7 window]
[    0.674277] pci_bus 0000:00: resource 5 [io  0x0d00-0xffff window]
[    0.676020] pci_bus 0000:00: resource 6 [mem 0x000a0000-0x000bffff window]
[    0.677902] pci_bus 0000:00: resource 7 [mem 0x40000000-0xffffffff window]
[    0.679875] pci 0000:00:01.0: PIIX3: Enabling Passive Release
[    0.681517] pci 0000:00:00.0: Limiting direct PCI/PCI transfers
[    0.683245] PCI: CLS 0 bytes, default 64
[    0.684599] Trying to unpack rootfs image as initramfs...
[    0.686230] clocksource: tsc: mask: 0xffffffffffffffff max_cycles: 0x212733415c7, max_idle_ns: 440795236380 ns
[    0.691993] Initialise system trusted keyrings
[    0.694237] Freeing initrd memory: 7868K
[    0.695529] Key type blacklist registered
[    0.696867] workingset: timestamp_bits=36 max_order=18 bucket_order=0
[    0.698647] zbud: loaded
[    0.699821] squashfs: version 4.0 (2009/01/31) Phillip Lougher
[    0.701545] fuse: init (API version 7.39)
[    0.702939] integrity: Platform Keyring initialized
[    0.704423] integrity: Machine keyring initialized
[    0.714159] Key type asymmetric registered
[    0.715460] Asymmetric key parser 'x509' registered
[    0.716932] Block layer SCSI generic (bsg) driver version 0.4 loaded (major 243)
[    0.719280] io scheduler mq-deadline registered
[    0.720760] shpchp: Standard Hot Plug PCI Controller Driver version: 0.4
[    0.722689] input: Power Button as /devices/LNXSYSTM:00/LNXPWRBN:00/input/input0
[    0.725095] ACPI: button: Power Button [PWRF]
[    0.726536] input: Sleep Button as /devices/LNXSYSTM:00/LNXSLPBN:00/input/input1
[    0.728909] ACPI: button: Sleep Button [SLPF]
[    0.731628] xen:grant_table: Grant tables using version 1 layout
[    0.733760] Grant table initialized
[    0.734999] Cannot get hvm parameter CONSOLE_EVTCHN (18): -22!
[    0.736642] Serial: 8250/16550 driver, 4 ports, IRQ sharing enabled
[    0.765156] 00:06: ttyS0 at I/O 0x3f8 (irq = 4, base_baud = 115200) is a 16550A
[    0.770709] Linux agpgart interface v0.103
[    0.773185] loop: module loaded
[    0.774365] Invalid max_queues (4), will use default max: 1.
[    0.778180] blkfront: xvda: barrier or flush: disabled; persistent grants: disabled; indirect descriptors: enabled; bounce buffer: disabled;
[    0.782293] scsi host0: ata_piix
[    0.783913] scsi host1: ata_piix
[    0.785115] ata1: PATA max MWDMA2 cmd 0x1f0 ctl 0x3f6 bmdma 0xc000 irq 14 lpm-pol 0
[    0.787508] ata2: PATA max MWDMA2 cmd 0x170 ctl 0x376 bmdma 0xc008 irq 15 lpm-pol 0
[    0.790353] ACPI: bus type drm_connector registered
[    0.792115] tun: Universal TUN/TAP device driver, 1.6
[    0.793685] PPP generic driver version 2.4.2
[    0.795086] xen_netfront: Initialising Xen virtual ethernet driver
[    0.797133] i8042: PNP: PS/2 Controller [PNP0303:PS2K,PNP0f13:PS2M] at 0x60,0x64 irq 1,12
[    0.799816] i8042: Warning: Keylock active
[    0.802162] serio: i8042 KBD port at 0x60,0x64 irq 1
[    0.803662] serio: i8042 AUX port at 0x60,0x64 irq 12
[    0.805336] mousedev: PS/2 mouse device common for all mice
[    0.806988]  xvda: xvda1 xvda14 xvda15 xvda16
[    0.810190] rtc_cmos 00:02: registered as rtc0
[    0.813044] rtc_cmos 00:02: setting system clock to 2025-01-27T07:24:21 UTC (1737962661)
[    0.818621] rtc_cmos 00:02: alarms up to one day, 114 bytes nvram, hpet irqs
[    0.820842] i2c_dev: i2c /dev entries driver
[    0.822234] device-mapper: core: CONFIG_IMA_DISABLE_HTABLE is disabled. Duplicate IMA measurements will not be recorded in the IMA log.
[    0.825590] device-mapper: uevent: version 1.0.3
[    0.827058] device-mapper: ioctl: 4.48.0-ioctl (2023-03-01) initialised: dm-devel@redhat.com
[    0.829652] platform eisa.0: Probing EISA bus 0
[    0.831076] platform eisa.0: EISA: Cannot allocate resource for mainboard
[    0.832932] platform eisa.0: Cannot allocate resource for EISA slot 1
[    0.834710] platform eisa.0: Cannot allocate resource for EISA slot 2
[    0.836510] platform eisa.0: Cannot allocate resource for EISA slot 3
[    0.838310] platform eisa.0: Cannot allocate resource for EISA slot 4
[    0.840102] platform eisa.0: Cannot allocate resource for EISA slot 5
[    0.841892] platform eisa.0: Cannot allocate resource for EISA slot 6
[    0.843668] platform eisa.0: Cannot allocate resource for EISA slot 7
[    0.845468] platform eisa.0: Cannot allocate resource for EISA slot 8
[    0.847280] platform eisa.0: EISA: Detected 0 cards
[    0.848760] intel_pstate: CPU model not supported
[    0.850221] ledtrig-cpu: registered to indicate activity on CPUs
[    0.852058] drop_monitor: Initializing network drop monitor service
[    0.853921] NET: Registered PF_INET6 protocol family
[    0.855799] Segment Routing with IPv6
[    0.857066] In-situ OAM (IOAM) with IPv6
[    0.858388] NET: Registered PF_PACKET protocol family
[    0.859927] Key type dns_resolver registered
[    0.861469] No MBM correction factor available
[    0.862869] IPI shorthand broadcast: enabled
[    0.865350] sched_clock: Marking stable (622003393, 242749381)->(957159675, -92406901)
[    0.867886] registered taskstats version 1
[    0.869450] Loading compiled-in X.509 certificates
[    0.871415] Loaded X.509 cert 'Build time autogenerated kernel key: a4c3ef85b2401ac78c31d0113e76c9ea2f5229d2'
[    0.874635] Loaded X.509 cert 'Canonical Ltd. Live Patch Signing: 14df34d1a87cf37625abec039ef2bf521249b969'
[    0.877822] Loaded X.509 cert 'Canonical Ltd. Kernel Module Signing: 88f752e560a1e0737e31163a466ad7b70a850c19'
[    0.880680] blacklist: Loading compiled-in revocation X.509 certificates
[    0.882546] Loaded X.509 cert 'Canonical Ltd. Secure Boot Signing: 61482aa2830d0ab2ad5af10b7250da9033ddcef0'
[    0.885673] Loaded X.509 cert 'Canonical Ltd. Secure Boot Signing (2017): 242ade75ac4a15e50d50c84b0d45ff3eae707a03'
[    0.888640] Loaded X.509 cert 'Canonical Ltd. Secure Boot Signing (ESM 2018): 365188c1d374d6b07c3c8f240f8ef722433d6a8b'
[    0.891678] Loaded X.509 cert 'Canonical Ltd. Secure Boot Signing (2019): c0746fd6c5da3ae827864651ad66ae47fe24b3e8'
[    0.894654] Loaded X.509 cert 'Canonical Ltd. Secure Boot Signing (2021 v1): a8d54bbb3825cfb94fa13c9f8a594a195c107b8d'
[    0.897680] Loaded X.509 cert 'Canonical Ltd. Secure Boot Signing (2021 v2): 4cf046892d6fd3c9a5b03f98d845f90851dc6a8c'
[    0.900693] Loaded X.509 cert 'Canonical Ltd. Secure Boot Signing (2021 v3): 100437bb6de6e469b581e61cd66bce3ef4ed53af'
[    0.903744] Loaded X.509 cert 'Canonical Ltd. Secure Boot Signing (Ubuntu Core 2019): c1d57b8f6b743f23ee41f4f7ee292f06eecadfb9'
[    0.909083] Key type .fscrypt registered
[    0.910394] Key type fscrypt-provisioning registered
[    0.912112] Key type encrypted registered
[    0.913441] AppArmor: AppArmor sha256 policy hashing enabled
[    0.915083] ima: No TPM chip found, activating TPM-bypass!
[    0.916690] Loading compiled-in module X.509 certificates
[    0.918684] Loaded X.509 cert 'Build time autogenerated kernel key: a4c3ef85b2401ac78c31d0113e76c9ea2f5229d2'
[    0.921556] ima: Allocated hash algorithm: sha256
[    0.923024] ima: No architecture policies found
[    0.924460] evm: Initialising EVM extended attributes:
[    0.926004] evm: security.selinux
[    0.927182] evm: security.SMACK64
[    0.928372] evm: security.SMACK64EXEC
[    0.929613] evm: security.SMACK64TRANSMUTE
[    0.930948] evm: security.SMACK64MMAP
[    0.932201] evm: security.apparmor
[    0.933407] evm: security.ima
[    0.934509] evm: security.capability
[    0.935727] evm: HMAC attrs: 0x1
[    0.937097] PM:   Magic number: 9:114:421
[    0.940697] RAS: Correctable Errors collector initialized.
[    0.942416] clk: Disabling unused clocks
[    1.313296] input: AT Translated Set 2 keyboard as /devices/platform/i8042/serio0/input/input2
[    1.315596] md: Waiting for all devices to be available before autodetect
[    1.316982] md: If you don't use raid, use raid=noautodetect
[    1.318246] md: Autodetecting RAID arrays.
[    1.319292] md: autorun ...
[    1.320168] md: ... autorun DONE.
[    1.328854] EXT4-fs (xvda1): mounted filesystem 104656f3-cbcd-4c1a-bbe2-5bb510be86c0 ro with ordered data mode. Quota mode: none.
[    1.331281] VFS: Mounted root (ext4 filesystem) readonly on device 202:1.
[    1.333530] devtmpfs: mounted
[    1.341666] Freeing unused decrypted memory: 2028K
[    1.343535] Freeing unused kernel image (initmem) memory: 5088K
[    1.344851] Write protecting the kernel read-only data: 36864k
[    1.350391] Freeing unused kernel image (rodata/data gap) memory: 360K
[    1.392641] x86/mm: Checked W+X mappings: passed, no W+X pages found.
[    1.393992] x86/mm: Checking user space page tables
[    1.441535] x86/mm: Checked W+X mappings: passed, no W+X pages found.
[    1.442900] Run /sbin/init as init process
[    2.426231] systemd[1]: Inserted module 'autofs4'
[    2.534604] systemd[1]: systemd 255.4-1ubuntu8.4 running in system mode (+PAM +AUDIT +SELINUX +APPARMOR +IMA +SMACK +SECCOMP +GCRYPT -GNUTLS +OPENSSL +ACL +BLKID +CURL +ELFUTILS +FIDO2 +IDN2 -IDN +IPTC +KMOD +LIBCRYPTSETUP +LIBFDISK +PCRE2 -PWQUALITY +P11KIT +QRENCODE +TPM2 +BZIP2 +LZ4 +XZ +ZLIB +ZSTD -BPF_FRAMEWORK -XKBCOMMON +UTMP +SYSVINIT default-hierarchy=unified)
[    2.540811] systemd[1]: Detected virtualization xen.
[    2.541982] systemd[1]: Detected architecture x86-64.

Welcome to [1mUbuntu 24.04.1 LTS[0m!


[    2.581175] systemd[1]: Hostname set to <ubuntu>.
[    2.641781] systemd[1]: Initializing machine ID from VM UUID.
[    2.643100] systemd[1]: Installed transient /etc/machine-id file.
[    3.615569] systemd[1]: Queued start job for default target graphical.target.
[    3.637590] systemd[1]: Created slice system-modprobe.slice - Slice /system/modprobe.
[[0;32m  OK  [0m] Created slice [0;1;39msystem-modprobe.slice[0m - Slice /system/modprobe.

[    3.641232] systemd[1]: Created slice system-serial\x2dgetty.slice - Slice /system/serial-getty.
[[0;32m  OK  [0m] Created slice [0;1;39msystem-serial\x2dget…slice[0m - Slice /system/serial-getty.

[    3.644707] systemd[1]: Created slice system-systemd\x2dfsck.slice - Slice /system/systemd-fsck.
[[0;32m  OK  [0m] Created slice [0;1;39msystem-systemd\x2dfs…slice[0m - Slice /system/systemd-fsck.

[    3.648137] systemd[1]: Created slice user.slice - User and Session Slice.
[[0;32m  OK  [0m] Created slice [0;1;39muser.slice[0m - User and Session Slice.

[    3.650622] systemd[1]: Started systemd-ask-password-wall.path - Forward Password Requests to Wall Directory Watch.
[[0;32m  OK  [0m] Started [0;1;39msystemd-ask-password-wall.…[0md Requests to Wall Directory Watch.

[    3.654251] systemd[1]: Set up automount proc-sys-fs-binfmt_misc.automount - Arbitrary Executable File Formats File System Automount Point.
[[0;32m  OK  [0m] Set up automount [0;1;39mproc-sys-fs-binfm…[0mormats File System Automount Point.

[    3.658009] systemd[1]: Expecting device dev-disk-by\x2dlabel-BOOT.device - /dev/disk/by-label/BOOT...
         Expecting device [0;1;39mdev-disk-by\x2dla…device[0m - /dev/disk/by-label/BOOT...

[    3.661355] systemd[1]: Expecting device dev-disk-by\x2dlabel-UEFI.device - /dev/disk/by-label/UEFI...
         Expecting device [0;1;39mdev-disk-by\x2dla…device[0m - /dev/disk/by-label/UEFI...

[    3.664893] systemd[1]: Expecting device dev-ttyS0.device - /dev/ttyS0...
         Expecting device [0;1;39mdev-ttyS0.device[0m - /dev/ttyS0...

[    3.667144] systemd[1]: Reached target integritysetup.target - Local Integrity Protected Volumes.
[[0;32m  OK  [0m] Reached target [0;1;39mintegritysetup.targ…[0m Local Integrity Protected Volumes.

[    3.670410] systemd[1]: Reached target slices.target - Slice Units.
[[0;32m  OK  [0m] Reached target [0;1;39mslices.target[0m - Slice Units.

[    3.672647] systemd[1]: Reached target snapd.mounts-pre.target - Mounting snaps.
[[0;32m  OK  [0m] Reached target [0;1;39msnapd.mounts-pre.target[0m - Mounting snaps.

[    3.675554] systemd[1]: Reached target swap.target - Swaps.
[[0;32m  OK  [0m] Reached target [0;1;39mswap.target[0m - Swaps.

[    3.677625] systemd[1]: Reached target time-set.target - System Time Set.
[[0;32m  OK  [0m] Reached target [0;1;39mtime-set.target[0m - System Time Set.

[    3.680033] systemd[1]: Reached target veritysetup.target - Local Verity Protected Volumes.
[[0;32m  OK  [0m] Reached target [0;1;39mveritysetup.target[0m - Local Verity Protected Volumes.

[    3.683241] systemd[1]: Listening on dm-event.socket - Device-mapper event daemon FIFOs.
[[0;32m  OK  [0m] Listening on [0;1;39mdm-event.socket[0m - Device-mapper event daemon FIFOs.

[    3.687001] systemd[1]: Listening on lvm2-lvmpolld.socket - LVM2 poll daemon socket.
[[0;32m  OK  [0m] Listening on [0;1;39mlvm2-lvmpolld.socket[0m - LVM2 poll daemon socket.

[    3.690099] systemd[1]: Listening on multipathd.socket - multipathd control socket.
[[0;32m  OK  [0m] Listening on [0;1;39mmultipathd.socket[0m - multipathd control socket.

[    3.693150] systemd[1]: Listening on syslog.socket - Syslog Socket.
[[0;32m  OK  [0m] Listening on [0;1;39msyslog.socket[0m - Syslog Socket.

[    3.695468] systemd[1]: Listening on systemd-fsckd.socket - fsck to fsckd communication Socket.
[[0;32m  OK  [0m] Listening on [0;1;39msystemd-fsckd.socket[0m …fsck to fsckd communication Socket.

[    3.698753] systemd[1]: Listening on systemd-initctl.socket - initctl Compatibility Named Pipe.
[[0;32m  OK  [0m] Listening on [0;1;39msystemd-initctl.socke…[0m- initctl Compatibility Named Pipe.

[    3.702059] systemd[1]: Listening on systemd-journald-dev-log.socket - Journal Socket (/dev/log).
[[0;32m  OK  [0m] Listening on [0;1;39msystemd-journald-dev-…socket[0m - Journal Socket (/dev/log).

[    3.705388] systemd[1]: Listening on systemd-journald.socket - Journal Socket.
[[0;32m  OK  [0m] Listening on [0;1;39msystemd-journald.socket[0m - Journal Socket.

[    3.708362] systemd[1]: Listening on systemd-networkd.socket - Network Service Netlink Socket.
[[0;32m  OK  [0m] Listening on [0;1;39msystemd-networkd.socket[0m - Network Service Netlink Socket.

[    3.711575] systemd[1]: systemd-pcrextend.socket - TPM2 PCR Extension (Varlink) was skipped because of an unmet condition check (ConditionSecurity=measured-uki).
[    3.714830] systemd[1]: Listening on systemd-udevd-control.socket - udev Control Socket.
[[0;32m  OK  [0m] Listening on [0;1;39msystemd-udevd-control.socket[0m - udev Control Socket.

[    3.718134] systemd[1]: Listening on systemd-udevd-kernel.socket - udev Kernel Socket.
[[0;32m  OK  [0m] Listening on [0;1;39msystemd-udevd-kernel.socket[0m - udev Kernel Socket.

[    3.725819] systemd[1]: Mounting dev-hugepages.mount - Huge Pages File System...
         Mounting [0;1;39mdev-hugepages.mount[0m - Huge Pages File System...

[    3.734020] systemd[1]: Mounting dev-mqueue.mount - POSIX Message Queue File System...
         Mounting [0;1;39mdev-mqueue.mount[0m - POSIX Message Queue File System...

[    3.738836] systemd[1]: Mounting sys-kernel-debug.mount - Kernel Debug File System...
         Mounting [0;1;39msys-kernel-debug.mount[0m - Kernel Debug File System...

[    3.747208] systemd[1]: Mounting sys-kernel-tracing.mount - Kernel Trace File System...
         Mounting [0;1;39msys-kernel-tracing.mount[0m - Kernel Trace File System...

[    3.757867] systemd[1]: Starting systemd-journald.service - Journal Service...
         Starting [0;1;39msystemd-journald.service[0m - Journal Service...

[    3.767861] systemd[1]: Starting keyboard-setup.service - Set the console keyboard layout...
         Starting [0;1;39mkeyboard-setup.service[0m - Set the console keyboard layout...

[    3.778123] systemd[1]: Starting kmod-static-nodes.service - Create List of Static Device Nodes...
         Starting [0;1;39mkmod-static-nodes.service[0m…eate List of Static Device Nodes...

[    3.788846] systemd[1]: Starting lvm2-monitor.service - Monitoring of LVM2 mirrors, snapshots etc. using dmeventd or progress polling...
[    3.792041] systemd-journald[125]: Collecting audit messages is disabled.
         Starting [0;1;39mlvm2-monitor.service[0m - Mo…ing dmeventd or progress polling...

[    3.800881] systemd[1]: Starting modprobe@configfs.service - Load Kernel Module configfs...
         Starting [0;1;39mmodprobe@configfs.service[0m - Load Kernel Module configfs...

[    3.813871] systemd[1]: Starting modprobe@dm_mod.service - Load Kernel Module dm_mod...
         Starting [0;1;39mmodprobe@dm_mod.service[0m - Load Kernel Module dm_mod...

[    3.823854] systemd[1]: Starting modprobe@drm.service - Load Kernel Module drm...
         Starting [0;1;39mmodprobe@drm.service[0m - Load Kernel Module drm...

[    3.836101] systemd[1]: Starting modprobe@efi_pstore.service - Load Kernel Module efi_pstore...
         Starting [0;1;39mmodprobe@efi_pstore.servi…[0m - Load Kernel Module efi_pstore...

[    3.845871] systemd[1]: Starting modprobe@fuse.service - Load Kernel Module fuse...
         Starting [0;1;39mmodprobe@fuse.service[0m - Load Kernel Module fuse...

[    3.856559] systemd[1]: Starting modprobe@loop.service - Load Kernel Module loop...
         Starting [0;1;39mmodprobe@loop.service[0m - Load Kernel Module loop...

[    3.862216] systemd[1]: netplan-ovs-cleanup.service - OpenVSwitch configuration for cleanup was skipped because of an unmet condition check (ConditionFileIsExecutable=/usr/bin/ovs-vsctl).
[    3.877928] systemd[1]: Starting systemd-fsck-root.service - File System Check on Root Device...
         Starting [0;1;39msystemd-fsck-root.service[0m…File System Check on Root Device...

[    3.890840] systemd[1]: Starting systemd-modules-load.service - Load Kernel Modules...
         Starting [0;1;39msystemd-modules-load.service[0m - Load Kernel Modules...

[    3.896532] systemd[1]: systemd-pcrmachine.service - TPM2 PCR Machine ID Measurement was skipped because of an unmet condition check (ConditionSecurity=measured-uki).
[    3.902671] systemd[1]: systemd-tpm2-setup-early.service - TPM2 SRK Setup (Early) was skipped because of an unmet condition check (ConditionSecurity=measured-uki).
[    3.918063] systemd[1]: Starting systemd-udev-trigger.service - Coldplug All udev Devices...
         Starting [0;1;39msystemd-udev-trigger.service[0m - Coldplug All udev Devices...

[    3.932604] systemd[1]: Started systemd-journald.service - Journal Service.
[[0;32m  OK  [0m] Started [0;1;39msystemd-journald.service[0m - Journal Service.

[[0;32m  OK  [0m] Mounted [0;1;39mdev-hugepages.mount[0m - Huge Pages File System.

[[0;32m  OK  [0m] Mounted [0;1;39mdev-mqueue.mount[0m - POSIX Message Queue File System.

[[0;32m  OK  [0m] Mounted [0;1;39msys-kernel-debug.mount[0m - Kernel Debug File System.

[[0;32m  OK  [0m] Mounted [0;1;39msys-kernel-tracing.mount[0m - Kernel Trace File System.

[[0;32m  OK  [0m] Finished [0;1;39mkeyboard-setup.service[0m - Set the console keyboard layout.

[[0;32m  OK  [0m] Finished [0;1;39mkmod-static-nodes.service[0m…Create List of Static Device Nodes.

[[0;32m  OK  [0m] Finished [0;1;39mmodprobe@configfs.service[0m - Load Kernel Module configfs.

[[0;32m  OK  [0m] Finished [0;1;39mmodprobe@dm_mod.service[0m - Load Kernel Module dm_mod.

[[0;32m  OK  [0m] Finished [0;1;39mmodprobe@drm.service[0m - Load Kernel Module drm.

[[0;32m  OK  [0m] Finished [0;1;39mmodprobe@efi_pstore.service[0m - Load Kernel Module efi_pstore.

[[0;32m  OK  [0m] Finished [0;1;39mmodprobe@fuse.service[0m - Load Kernel Module fuse.

[[0;32m  OK  [0m] Finished [0;1;39mmodprobe@loop.service[0m - Load Kernel Module loop.

         Mounting [0;1;39msys-fs-fuse-connections.mount[0m - FUSE Control File System...

         Mounting [0;1;39msys-kernel-config.mount[0m - Kernel Configuration File System...

[[0;32m  OK  [0m] Started [0;1;39msystemd-fsckd.service[0m - Fi…stem Check Daemon to report status.

         Starting [0;1;39msystemd-tmpfiles-setup-de…[0m Device Nodes in /dev gracefully...

[[0;32m  OK  [0m] Mounted [0;1;39msys-fs-fuse-connections.mount[0m - FUSE Control File System.

[[0;32m  OK  [0m] Mounted [0;1;39msys-kernel-config.mount[0m - Kernel Configuration File System.

[[0;32m  OK  [0m] Finished [0;1;39msystemd-fsck-root.service[0m - File System Check on Root Device.

         Starting [0;1;39msystemd-remount-fs.servic…[0munt Root and Kernel File Systems...

[[0;32m  OK  [0m] Finished [0;1;39msystemd-modules-load.service[0m - Load Kernel Modules.

         Starting [0;1;39msystemd-sysctl.service[0m - Apply Kernel Variables...

[[0;32m  OK  [0m] Finished [0;1;39msystemd-tmpfiles-setup-de…[0mic Device Nodes in /dev gracefully.

[[0;32m  OK  [0m] Finished [0;1;39msystemd-sysctl.service[0m - Apply Kernel Variables.

[[0;32m  OK  [0m] Finished [0;1;39mlvm2-monitor.service[0m - Mo…using dmeventd or progress polling.

[[0;32m  OK  [0m] Finished [0;1;39msystemd-remount-fs.servic…[0mmount Root and Kernel File Systems.

         Starting [0;1;39mmultipathd.service[0m - Devi…pper Multipath Device Controller...

         Starting [0;1;39msystemd-journal-flush.ser…[0msh Journal to Persistent Storage...

         Starting [0;1;39msystemd-random-seed.service[0m - Load/Save OS Random Seed...

         Starting [0;1;39msystemd-sysusers.service[0m - Create System Users...

[[0;32m  OK  [0m] Finished [0;1;39msystemd-udev-trigger.service[0m - Coldplug All udev Devices.

[[0;32m  OK  [0m] Finished [0;1;39msystemd-random-seed.service[0m - Load/Save OS Random Seed.

[[0;32m  OK  [0m] Finished [0;1;39msystemd-sysusers.service[0m - Create System Users.

         Starting [0;1;39msystemd-tmpfiles-setup-de…[0meate Static Device Nodes in /dev...

[[0;32m  OK  [0m] Finished [0;1;39msystemd-tmpfiles-setup-de…[0mCreate Static Device Nodes in /dev.

         Starting [0;1;39msystemd-udevd.service[0m - R…ager for Device Events and Files...

[[0;32m  OK  [0m] Finished [0;1;39msystemd-journal-flush.ser…[0mlush Journal to Persistent Storage.

[[0;32m  OK  [0m] Started [0;1;39mmultipathd.service[0m - Devic…Mapper Multipath Device Controller.

[[0;32m  OK  [0m] Reached target [0;1;39mlocal-fs-pre.target[0m…Preparation for Local File Systems.

         Mounting [0;1;39msnap-amazon\x2dssm\x2dage…[0m amazon-ssm-agent, revision 9881...

         Mounting [0;1;39msnap-core22-1722.mount[0m - …t unit for core22, revision 1722...

         Mounting [0;1;39msnap-snapd-23545.mount[0m - …t unit for snapd, revision 23545...

[[0;32m  OK  [0m] Mounted [0;1;39msnap-amazon\x2dssm\x2dagen…[0mor amazon-ssm-agent, revision 9881.

[[0;32m  OK  [0m] Started [0;1;39msystemd-udevd.service[0m - Ru…anager for Device Events and Files.

[[0;32m  OK  [0m] Started [0;1;39msystemd-ask-password-conso…[0mequests to Console Directory Watch.

[[0;32m  OK  [0m] Reached target [0;1;39mcryptsetup.target[0m - Local Encrypted Volumes.

[[0;32m  OK  [0m] Mounted [0;1;39msnap-snapd-23545.mount[0m - Mount unit for snapd, revision 23545.

[[0;32m  OK  [0m] Mounted [0;1;39msnap-core22-1722.mount[0m - Mount unit for core22, revision 1722.

[[0;32m  OK  [0m] Reached target [0;1;39msnapd.mounts.target[0m - Mounted snaps.

[[0;32m  OK  [0m] Found device [0;1;39mdev-ttyS0.device[0m - /dev/ttyS0.

[[0;32m  OK  [0m] Found device [0;1;39mdev-disk-by\x2dlabel-…T.device[0m - /dev/disk/by-label/BOOT.

         Starting [0;1;39msystemd-fsck@dev-disk-by\…[0mCheck on /dev/disk/by-label/BOOT...

[[0;32m  OK  [0m] Found device [0;1;39mdev-disk-by\x2dlabel-…I.device[0m - /dev/disk/by-label/UEFI.

         Starting [0;1;39msystemd-fsck@dev-disk-by\…[0mCheck on /dev/disk/by-label/UEFI...


Checking in progress on 1 disk (0.0% complete)
[[0;32m  OK  [0m] Finished [0;1;39msystemd-fsck@dev-disk-by\…[0mm Check on /dev/disk/by-label/BOOT.


Checking in progress on 0 disks (100.0% complete)
[[0;32m  OK  [0m] Finished [0;1;39msystemd-fsck@dev-disk-by\…[0mm Check on /dev/disk/by-label/UEFI.

         Mounting [0;1;39mboot.mount[0m - /boot...

[[0;32m  OK  [0m] Mounted [0;1;39mboot.mount[0m - /boot.

         Mounting [0;1;39mboot-efi.mount[0m - /boot/efi...

[[0;32m  OK  [0m] Mounted [0;1;39mboot-efi.mount[0m - /boot/efi.

[[0;32m  OK  [0m] Reached target [0;1;39mlocal-fs.target[0m - Local File Systems.

[[0;32m  OK  [0m] Listening on [0;1;39msystemd-sysext.socket[0m…tension Image Management (Varlink).

         Starting [0;1;39mapparmor.service[0m - Load AppArmor profiles...

         Starting [0;1;39mconsole-setup.service[0m - Set console font and keymap...

         Starting [0;1;39mfinalrd.service[0m - Create …time dir for shutdown pivot root...

         Starting [0;1;39mldconfig.service[0m - Rebuild Dynamic Linker Cache...

         Starting [0;1;39mplymouth-read-write.servi…[0mymouth To Write Out Runtime Data...

         Starting [0;1;39msystemd-binfmt.service[0m - Set Up Additional Binary Formats...

         Starting [0;1;39msystemd-tmpfiles-setup.se…[0me Volatile Files and Directories...

         Starting [0;1;39mufw.service[0m - Uncomplicated firewall...

[[0;32m  OK  [0m] Finished [0;1;39mconsole-setup.service[0m - Set console font and keymap.

[[0;32m  OK  [0m] Finished [0;1;39mfinalrd.service[0m - Create …untime dir for shutdown pivot root.

         Mounting [0;1;39mproc-sys-fs-binfmt_misc.m…[0mcutable File Formats File System...

[[0;32m  OK  [0m] Finished [0;1;39mufw.service[0m - Uncomplicated firewall.

[[0;32m  OK  [0m] Mounted [0;1;39mproc-sys-fs-binfmt_misc.mo…[0mxecutable File Formats File System.

[[0;32m  OK  [0m] Finished [0;1;39msystemd-binfmt.service[0m - Set Up Additional Binary Formats.

[[0;32m  OK  [0m] Finished [0;1;39mplymouth-read-write.servi…[0mPlymouth To Write Out Runtime Data.

[[0;32m  OK  [0m] Finished [0;1;39msystemd-tmpfiles-setup.se…[0mate Volatile Files and Directories.

         Starting [0;1;39msystemd-journal-catalog-u…ervice[0m - Rebuild Journal Catalog...

         Starting [0;1;39msystemd-machine-id-commit…[0mt a transient machine-id on disk...

         Starting [0;1;39msystemd-resolved.service[0m - Network Name Resolution...

         Starting [0;1;39msystemd-update-utmp.servi…[0mord System Boot/Shutdown in UTMP...

[[0;32m  OK  [0m] Finished [0;1;39msystemd-journal-catalog-u….service[0m - Rebuild Journal Catalog.

[[0;32m  OK  [0m] Finished [0;1;39msystemd-update-utmp.servi…[0mecord System Boot/Shutdown in UTMP.

[[0;32m  OK  [0m] Listening on [0;1;39msystemd-rfkill.socket[0m…ll Switch Status /dev/rfkill Watch.

[[0;32m  OK  [0m] Finished [0;1;39msystemd-machine-id-commit…[0mmit a transient machine-id on disk.

[[0;32m  OK  [0m] Started [0;1;39msystemd-resolved.service[0m - Network Name Resolution.

[[0;32m  OK  [0m] Reached target [0;1;39mnss-lookup.target[0m - Host and Network Name Lookups.

[[0;32m  OK  [0m] Finished [0;1;39mapparmor.service[0m - Load AppArmor profiles.

         Starting [0;1;39msnapd.apparmor.service[0m - …iles managed internally by snapd...

         Starting [0;1;39mcloud-init-local.service[0m …-init: Local Stage (pre-network)...

[[0;32m  OK  [0m] Finished [0;1;39msnapd.apparmor.service[0m - …ofiles managed internally by snapd.

[[0;32m  OK  [0m] Finished [0;1;39mldconfig.service[0m - Rebuild Dynamic Linker Cache.

         Starting [0;1;39msystemd-update-done.service[0m - Update is Completed...

[[0;32m  OK  [0m] Finished [0;1;39msystemd-update-done.service[0m - Update is Completed.

[    8.819255] cloud-init[452]: Cloud-init v. 24.4-0ubuntu1~24.04.2 running 'init-local' at Mon, 27 Jan 2025 07:24:29 +0000. Up 8.80 seconds.
[[0;32m  OK  [0m] Finished [0;1;39mcloud-init-local.service[0m …ud-init: Local Stage (pre-network).

[[0;32m  OK  [0m] Reached target [0;1;39mnetwork-pre.target[0m - Preparation for Network.

         Starting [0;1;39msystemd-networkd.service[0m - Network Configuration...

[[0;32m  OK  [0m] Started [0;1;39msystemd-networkd.service[0m - Network Configuration.

[[0;32m  OK  [0m] Reached target [0;1;39mnetwork.target[0m - Network.

         Starting [0;1;39msystemd-networkd-wait-onl…[0mait for Network to be Configured...

[[0;32m  OK  [0m] Finished [0;1;39msystemd-networkd-wait-onl…[0m Wait for Network to be Configured.

         Starting [0;1;39mcloud-init.service[0m - Cloud-init: Network Stage...

[   12.988247] cloud-init[533]: Cloud-init v. 24.4-0ubuntu1~24.04.2 running 'init' at Mon, 27 Jan 2025 07:24:33 +0000. Up 12.96 seconds.
[   12.998068] cloud-init[533]: ci-info: ++++++++++++++++++++++++++++++++++++++Net device info+++++++++++++++++++++++++++++++++++++++
[   13.000287] cloud-init[533]: ci-info: +--------+------+-----------------------------+---------------+--------+-------------------+
[   13.001775] cloud-init[533]: ci-info: | Device |  Up  |           Address           |      Mask     | Scope  |     Hw-Address    |
[   13.003264] cloud-init[533]: ci-info: +--------+------+-----------------------------+---------------+--------+-------------------+
[   13.004757] cloud-init[533]: ci-info: |  enX0  | True |        172.31.27.153        | 255.255.240.0 | global | 0a:ff:f5:c9:3d:7b |
[   13.006240] cloud-init[533]: ci-info: |  enX0  | True | fe80::8ff:f5ff:fec9:3d7b/64 |       .       |  link  | 0a:ff:f5:c9:3d:7b |
[   13.007730] cloud-init[533]: ci-info: |   lo   | True |          127.0.0.1          |   255.0.0.0   |  host  |         .         |
[   13.009191] cloud-init[533]: ci-info: |   lo   | True |           ::1/128           |       .       |  host  |         .         |
[   13.010670] cloud-init[533]: ci-info: +--------+------+-----------------------------+---------------+--------+-------------------+
[   13.012170] cloud-init[533]: ci-info: ++++++++++++++++++++++++++++++Route IPv4 info++++++++++++++++++++++++++++++
[   13.013664] cloud-init[533]: ci-info: +-------+-------------+-------------+-----------------+-----------+-------+
[   13.015017] cloud-init[533]: ci-info: | Route | Destination |   Gateway   |     Genmask     | Interface | Flags |
[   13.016314] cloud-init[533]: ci-info: +-------+-------------+-------------+-----------------+-----------+-------+
[   13.017626] cloud-init[533]: ci-info: |   0   |   0.0.0.0   | 172.31.16.1 |     0.0.0.0     |    enX0   |   UG  |
[   13.018947] cloud-init[533]: ci-info: |   1   |  172.31.0.2 | 172.31.16.1 | 255.255.255.255 |    enX0   |  UGH  |
[   13.020243] cloud-init[533]: ci-info: |   2   | 172.31.16.0 |   0.0.0.0   |  255.255.240.0  |    enX0   |   U   |
[   13.021527] cloud-init[533]: ci-info: |   3   | 172.31.16.1 |   0.0.0.0   | 255.255.255.255 |    enX0   |   UH  |
[   13.022842] cloud-init[533]: ci-info: +-------+-------------+-------------+-----------------+-----------+-------+
[   13.024144] cloud-init[533]: ci-info: +++++++++++++++++++Route IPv6 info+++++++++++++++++++
[   13.025213] cloud-init[533]: ci-info: +-------+-------------+---------+-----------+-------+
[   13.026279] cloud-init[533]: ci-info: | Route | Destination | Gateway | Interface | Flags |
[   13.027652] cloud-init[533]: ci-info: +-------+-------------+---------+-----------+-------+
[   13.028733] cloud-init[533]: ci-info: |   0   |  fe80::/64  |    ::   |    enX0   |   U   |
[   13.029817] cloud-init[533]: ci-info: |   2   |    local    |    ::   |    enX0   |   U   |
[   13.030877] cloud-init[533]: ci-info: |   3   |  multicast  |    ::   |    enX0   |   U   |
[   13.031945] cloud-init[533]: ci-info: +-------+-------------+---------+-----------+-------+
[   14.165993] cloud-init[533]: Generating public/private rsa key pair.
[   14.167040] cloud-init[533]: Your identification has been saved in /etc/ssh/ssh_host_rsa_key
[   14.168162] cloud-init[533]: Your public key has been saved in /etc/ssh/ssh_host_rsa_key.pub
[   14.169252] cloud-init[533]: The key fingerprint is:
[   14.170789] cloud-init[533]: SHA256:KKzpfQvzyNG4VxZq8HLTnR/YDhEZwyPYNw7UdLdZBac root@ip-172-31-27-153
[   14.171987] cloud-init[533]: The key's randomart image is:
[   14.172741] cloud-init[533]: +---[RSA 3072]----+
[   14.173395] cloud-init[533]: |       +.++o. o.=|
[   14.174051] cloud-init[533]: |      . + Oo . * |
[   14.174702] cloud-init[533]: |         = +  E  |
[   14.175360] cloud-init[533]: |   ..  .. o      |
[   14.175999] cloud-init[533]: |    oo.oSo =     |
[   14.178054] cloud-init[533]: |   o.+* + = o    |
[   14.178727] cloud-init[533]: |  o =+.+   + .   |
[   14.179376] cloud-init[533]: | . o Bo     o    |
[   14.181045] cloud-init[533]: |  . =oo.         |
[   14.181907] cloud-init[533]: +----[SHA256]-----+
[   14.182570] cloud-init[533]: Generating public/private ecdsa key pair.
[   14.183443] cloud-init[533]: Your identification has been saved in /etc/ssh/ssh_host_ecdsa_key
[   14.184562] cloud-init[533]: Your public key has been saved in /etc/ssh/ssh_host_ecdsa_key.pub
[   14.185682] cloud-init[533]: The key fingerprint is:
[   14.186362] cloud-init[533]: SHA256:sLh34Tbt6tHQ3Rmup6trVx08P6X+Waqq3gfkrjZ6FoM root@ip-172-31-27-153
[   14.187527] cloud-init[533]: The key's randomart image is:
[   14.188275] cloud-init[533]: +---[ECDSA 256]---+
[   14.188926] cloud-init[533]: |                 |
[   14.189579] cloud-init[533]: |                 |
[   14.190227] cloud-init[533]: |      .       o  |
[   14.190881] cloud-init[533]: |     . o ... o *.|
[   14.191525] cloud-init[533]: |    . ..So. . +o=|
[   14.192172] cloud-init[533]: |     .E.o=o  .o.o|
[   14.192811] cloud-init[533]: |    . . *+o..o. o|
[   14.193462] cloud-init[533]: |     . o==o oo..o|
[   14.194112] cloud-init[533]: |      .B****+o.o.|
[   14.194762] cloud-init[533]: +----[SHA256]-----+
[   14.195415] cloud-init[533]: Generating public/private ed25519 key pair.
[   14.196302] cloud-init[533]: Your identification has been saved in /etc/ssh/ssh_host_ed25519_key
[   14.197432] cloud-init[533]: Your public key has been saved in /etc/ssh/ssh_host_ed25519_key.pub
[   14.198580] cloud-init[533]: The key fingerprint is:
[   14.199273] cloud-init[533]: SHA256:dnsW6RXev2NvkZBJ8H80zJT0RyVQaLClzi4SaOvDugU root@ip-172-31-27-153
[   14.200455] cloud-init[533]: The key's randomart image is:
[   14.201185] cloud-init[533]: +--[ED25519 256]--+
[   14.201839] cloud-init[533]: |          .o+++o=|
[   14.202488] cloud-init[533]: |           ++.++.|
[   14.203148] cloud-init[533]: |          o...+++|
[   14.203789] cloud-init[533]: |     .   o   *.+o|
[   14.204440] cloud-init[533]: |  E o . S + o +.+|
[   14.205088] cloud-init[533]: |   o . o o o o oo|
[   14.205728] cloud-init[533]: |   .o . . o +   o|
[   14.206380] cloud-init[533]: |   oo  . . o   oo|
[   14.207038] cloud-init[533]: |  oo..        .o+|
[   14.207688] cloud-init[533]: +----[SHA256]-----+
[[0;32m  OK  [0m] Finished [0;1;39mcloud-init.service[0m - Cloud-init: Network Stage.

[[0;32m  OK  [0m] Reached target [0;1;39mcloud-config.target[0m - Cloud-config availability.

[[0;32m  OK  [0m] Reached target [0;1;39mnetwork-online.target[0m - Network is Online.

[[0;32m  OK  [0m] Reached target [0;1;39msysinit.target[0m - System Initialization.

[[0;32m  OK  [0m] Started [0;1;39macpid.path[0m - ACPI Events Check.

[[0;32m  OK  [0m] Started [0;1;39msystemd-tmpfiles-clean.tim…[0my Cleanup of Temporary Directories.

[[0;32m  OK  [0m] Started [0;1;39mupdate-notifier-download.t…[0mhat failed at package install time.

[[0;32m  OK  [0m] Reached target [0;1;39mpaths.target[0m - Path Units.

[[0;32m  OK  [0m] Listening on [0;1;39macpid.socket[0m - ACPID Listen Socket.

[[0;32m  OK  [0m] Listening on [0;1;39mcloud-init-hotplugd.s…t[0m - cloud-init hotplug hook socket.

[[0;32m  OK  [0m] Listening on [0;1;39mdbus.socket[0m - D-Bus System Message Bus Socket.

[[0;32m  OK  [0m] Listening on [0;1;39miscsid.socket[0m - Open-iSCSI iscsid Socket.

         Starting [0;1;39mlxd-installer.socket[0m - He…er to install lxd snap on demand...

         Starting [0;1;39msnapd.socket[0m - Socket activation for snappy daemon...

[[0;32m  OK  [0m] Listening on [0;1;39mssh.socket[0m - OpenBSD Secure Shell server socket.

[[0;32m  OK  [0m] Listening on [0;1;39muuidd.socket[0m - UUID daemon activation socket.

[[0;32m  OK  [0m] Reached target [0;1;39mremote-fs-pre.targe…[0mreparation for Remote File Systems.

[[0;32m  OK  [0m] Reached target [0;1;39mremote-fs.target[0m - Remote File Systems.

[[0;32m  OK  [0m] Finished [0;1;39mblk-availability.service[0m - Availability of block devices.

[[0;32m  OK  [0m] Listening on [0;1;39mlxd-installer.socket[0m …lper to install lxd snap on demand.

[[0;32m  OK  [0m] Listening on [0;1;39msnapd.socket[0m - Socket activation for snappy daemon.

[[0;32m  OK  [0m] Reached target [0;1;39msockets.target[0m - Socket Units.

[[0;32m  OK  [0m] Reached target [0;1;39mbasic.target[0m - Basic System.

[[0;32m  OK  [0m] Started [0;1;39macpid.service[0m - ACPI event daemon.

         Starting [0;1;39mapport.service[0m - automatic crash report generation...

         Starting [0;1;39mchrony.service[0m - chrony, an NTP client/server...

         Starting [0;1;39mcloud-config.service[0m - Cloud-init: Config Stage...

[[0;32m  OK  [0m] Started [0;1;39mcron.service[0m - Regular background program processing daemon.

         Starting [0;1;39mdbus.service[0m - D-Bus System Message Bus...

[[0;32m  OK  [0m] Started [0;1;39mdmesg.service[0m - Save initial kernel messages after boot.

         Starting [0;1;39me2scrub_reap.service[0m - Re…ne ext4 Metadata Check Snapshots...

         Starting [0;1;39mec2-instance-connect-harv…[0mance Connect Host Key Harvesting...

         Starting [0;1;39mgrub-common.service[0m - Record successful boot for GRUB...

         Starting [0;1;39mnetworkd-dispatcher.servi…[0mcher daemon for systemd-networkd...

         Starting [0;1;39mpolkit.service[0m - Authorization Manager...

         Starting [0;1;39mpollinate.service[0m - Polli…e pseudo random number generator...

         Starting [0;1;39mrsyslog.service[0m - System Logging Service...

[[0;32m  OK  [0m] Reached target [0;1;39mgetty-pre.target[0m - Preparation for Logins.

         Starting [0;1;39msnapd.seeded.service[0m - Wait until snapd is fully seeded...

         Starting [0;1;39msnapd.service[0m - Snap Daemon...

         Starting [0;1;39msysstat.service[0m - Resets System Activity Logs...

         Starting [0;1;39msystemd-logind.service[0m - User Login Management...

         Starting [0;1;39msystemd-user-sessions.service[0m - Permit User Sessions...

         Starting [0;1;39mudisks2.service[0m - Disk Manager...

[[0;32m  OK  [0m] Started [0;1;39mdbus.service[0m - D-Bus System Message Bus.

[[0;32m  OK  [0m] Finished [0;1;39msysstat.service[0m - Resets System Activity Logs.

[[0;32m  OK  [0m] Finished [0;1;39msystemd-user-sessions.service[0m - Permit User Sessions.

[[0;32m  OK  [0m] Finished [0;1;39me2scrub_reap.service[0m - Re…line ext4 Metadata Check Snapshots.

         Starting [0;1;39mplymouth-quit-wait.servic…[0md until boot process finishes up...

         Starting [0;1;39mplymouth-quit.service[0m - Terminate Plymouth Boot Screen...

[[0;32m  OK  [0m] Started [0;1;39msystemd-logind.service[0m - User Login Management.

[[0;32m  OK  [0m] Finished [0;1;39mplymouth-quit-wait.servic…[0mold until boot process finishes up.

[[0;32m  OK  [0m] Finished [0;1;39mplymouth-quit.service[0m - Terminate Plymouth Boot Screen.

[[0;32m  OK  [0m] Started [0;1;39mserial-getty@ttyS0.service[0m - Serial Getty on ttyS0.

         Starting [0;1;39msetvtrgb.service[0m - Set console scheme...

         Starting [0;1;39msystemd-hostnamed.service[0m - Hostname Service...

[[0;32m  OK  [0m] Started [0;1;39munattended-upgrades.service[0m - Unattended Upgrades Shutdown.

[[0;32m  OK  [0m] Started [0;1;39mchrony.service[0m - chrony, an NTP client/server.

[[0;32m  OK  [0m] Finished [0;1;39mgrub-common.service[0m - Record successful boot for GRUB.

[[0;32m  OK  [0m] Started [0;1;39mnetworkd-dispatcher.servic…[0matcher daemon for systemd-networkd.

[[0;32m  OK  [0m] Finished [0;1;39msetvtrgb.service[0m - Set console scheme.

[[0;32m  OK  [0m] Started [0;1;39mpolkit.service[0m - Authorization Manager.

[[0;32m  OK  [0m] Created slice [0;1;39msystem-getty.slice[0m - Slice /system/getty.

[[0;32m  OK  [0m] Reached target [0;1;39mtime-sync.target[0m - System Time Synchronized.

[[0;32m  OK  [0m] Started [0;1;39mapt-daily.timer[0m - Daily apt download activities.

[[0;32m  OK  [0m] Started [0;1;39mapt-daily-upgrade.timer[0m - …y apt upgrade and clean activities.

[[0;32m  OK  [0m] Started [0;1;39mdpkg-db-backup.timer[0m - Daily dpkg database backup timer.

[[0;32m  OK  [0m] Started [0;1;39me2scrub_all.timer[0m - Period…Metadata Check for All Filesystems.

[[0;32m  OK  [0m] Started [0;1;39mfstrim.timer[0m - Discard unused filesystem blocks once a week.

[[0;32m  OK  [0m] Started [0;1;39mfwupd-refresh.timer[0m - Refresh fwupd metadata regularly.

[[0;32m  OK  [0m] Started [0;1;39mlogrotate.timer[0m - Daily rotation of log files.

[[0;32m  OK  [0m] Started [0;1;39mman-db.timer[0m - Daily man-db regeneration.

[[0;32m  OK  [0m] Started [0;1;39mmotd-news.timer[0m - Message of the Day.

[[0;32m  OK  [0m] Started [0;1;39msysstat-collect.timer[0m - Ru…y accounting tool every 10 minutes.

[[0;32m  OK  [0m] Started [0;1;39msysstat-summary.timer[0m - Ge… of yesterday's process accounting.

[[0;32m  OK  [0m] Started [0;1;39mupdate-notifier-motd.timer[0m… a new version of Ubuntu available.

[[0;32m  OK  [0m] Reached target [0;1;39mtimers.target[0m - Timer Units.

         Starting [0;1;39mModemManager.service[0m - Modem Manager...

[[0;32m  OK  [0m] Started [0;1;39mgetty@tty1.service[0m - Getty on tty1.

[[0;32m  OK  [0m] Reached target [0;1;39mgetty.target[0m - Login Prompts.

         Starting [0;1;39mgrub-initrd-fallback.service[0m - GRUB failed boot detection...

[[0;32m  OK  [0m] Started [0;1;39mudisks2.service[0m - Disk Manager.

[[0;32m  OK  [0m] Started [0;1;39mrsyslog.service[0m - System Logging Service.

[[0;32m  OK  [0m] Finished [0;1;39mpollinate.service[0m - Polli…the pseudo random number generator.

[[0;32m  OK  [0m] Finished [0;1;39mapport.service[0m - automatic crash report generation.

[[0;32m  OK  [0m] Finished [0;1;39mgrub-initrd-fallback.service[0m - GRUB failed boot detection.

[[0;32m  OK  [0m] Started [0;1;39msystemd-hostnamed.service[0m - Hostname Service.

[[0;32m  OK  [0m] Finished [0;1;39mec2-instance-connect-harv…[0mstance Connect Host Key Harvesting.

[[0;32m  OK  [0m] Started [0;1;39mModemManager.service[0m - Modem Manager.

[   16.287244] cloud-init[836]: Cloud-init v. 24.4-0ubuntu1~24.04.2 running 'modules:config' at Mon, 27 Jan 2025 07:24:37 +0000. Up 16.14 seconds.
[[0;32m  OK  [0m] Finished [0;1;39mcloud-config.service[0m - Cloud-init: Config Stage.

         Starting [0;1;39mhibinit-agent.service[0m - E…instance hibernation setup agent...

[[0;32m  OK  [0m] Started [0;1;39mhibinit-agent.service[0m - EC2 instance hibernation setup agent.

[[0;32m  OK  [0m] Started [0;1;39msnapd.service[0m - Snap Daemon.

[[0;32m  OK  [0m] Started [0;1;39msnap.amazon-ssm-agent.amaz…[0m amazon-ssm-agent.amazon-ssm-agent.

         Starting [0;1;39msystemd-timedated.service[0m - Time & Date Service...

[[0;32m  OK  [0m] Started [0;1;39msystemd-timedated.service[0m - Time & Date Service.



Ubuntu 24.04.1 LTS ip-172-31-27-153 ttyS0

ip-172-31-27-153 login: [   21.850142] cloud-init[1018]: Cloud-init v. 24.4-0ubuntu1~24.04.2 running 'modules:final' at Mon, 27 Jan 2025 07:24:43 +0000. Up 21.81 seconds.
ci-info: no authorized SSH keys fingerprints found for user ubuntu.
<14>Jan 27 07:24:43 cloud-init: #############################################################
<14>Jan 27 07:24:43 cloud-init: -----BEGIN SSH HOST KEY FINGERPRINTS-----
<14>Jan 27 07:24:43 cloud-init: 256 SHA256:sLh34Tbt6tHQ3Rmup6trVx08P6X+Waqq3gfkrjZ6FoM root@ip-172-31-27-153 (ECDSA)
<14>Jan 27 07:24:43 cloud-init: 256 SHA256:dnsW6RXev2NvkZBJ8H80zJT0RyVQaLClzi4SaOvDugU root@ip-172-31-27-153 (ED25519)
<14>Jan 27 07:24:43 cloud-init: 3072 SHA256:KKzpfQvzyNG4VxZq8HLTnR/YDhEZwyPYNw7UdLdZBac root@ip-172-31-27-153 (RSA)
<14>Jan 27 07:24:43 cloud-init: -----END SSH HOST KEY FINGERPRINTS-----
<14>Jan 27 07:24:43 cloud-init: #############################################################
-----BEGIN SSH HOST KEY KEYS-----
ecdsa-sha2-nistp256 AAAAE2VjZHNhLXNoYTItbmlzdHAyNTYAAAAIbmlzdHAyNTYAAABBBPmC5NbISyisVU/vSTb1kUUCOpEHbIq5qfEdXR6ZZQSLJFl+7LaFTSysT6bazuxPKfbpyMk+7qOaMHAIM9E6d6g= root@ip-172-31-27-153
ssh-ed25519 AAAAC3NzaC1lZDI1NTE5AAAAIOsb/8KOdwz+/InPbVe3HyxouTlKwzt9RPOld5J0oHnI root@ip-172-31-27-153
ssh-rsa AAAAB3NzaC1yc2EAAAADAQABAAABgQDMV7BpFi4Bt2Lmg4d5nWSBgiOFHeu7zMrXSMHjtq8OTiYoKqf8XQfMfg5JoU1GmRA6W5/dnt014z1ysRDeNFxIqyqCHRjMK2r0dL3iPtZ9pPYieAZ3C0Hl1aDx/UiFwPaS8LzRNHYQ69odAA0zW6BcPMIGMdCnq/5ybNy1+rJkWEiU13mCe0r4DuMCiBUdZZ71RVRfBkRLrIVNaYZQyUkG7ezDZ438Pw3gnKRla8rKiGaaVlQj30rLAVw7OpYobnqTZZ0SrZ6QYKzp3y7Eaoow8UeNtzJYOmzTTOfYJfcoLhQPevdUj2+bOsLMOEHA5xQ+j1GUxTb9yEKH37MD31GeLEL9vcrJZKYB241Lhzs/D1wrJ7e2fZKQt1Ckcc/ePLJtOxHsE/+7ZLbHqDKnPFj7maAj+CkEE6yu93krYbSljfNebGhQg+202YysqR8IvPuA8dklwR8FI29ay0ku3XHKYHUrKmSO6CSoVy8KeXzz+Rw8Ssul4+d5zPJw0Kh6h/U= root@ip-172-31-27-153
-----END SSH HOST KEY KEYS-----
[   21.960080] cloud-init[1018]: Cloud-init v. 24.4-0ubuntu1~24.04.2 finished at Mon, 27 Jan 2025 07:24:43 +0000. Datasource DataSourceEc2Local.  Up 21.95 seconds
